Arguments: 
  /usr/bin/node /usr/share/yarn/bin/yarn.js add --dev --exact --ignore-optional react-native-scripts

PATH: 
  /home/kevin/bin:/home/kevin/.local/bin:/usr/local/sbin:/usr/local/bin:/usr/sbin:/usr/bin:/sbin:/bin:/usr/games:/usr/local/games:/home/kevin/bin:/usr/bin:/snap/bin:/usr/lib/jvm/java-8-oracle/bin:/usr/lib/jvm/java-8-oracle/db/bin:/usr/lib/jvm/java-8-oracle/jre/bin:/home/kevin/android-sdk/tools:/home/kevin/android-sdk/platform-tools:/home/kevin/android-sdk/tools:/home/kevin/android-sdk/platform-tools:/home/kevin/android-sdk/tools:/home/kevin/android-sdk/platform-tools

Yarn version: 
  1.9.2

Node version: 
  9.11.2

Platform: 
  linux x64

Trace: 
  Error [ERR_TLS_CERT_ALTNAME_INVALID]: Hostname/IP does not match certificate's altnames: Host: registry.yarnpkg.com. is not in the cert's altnames: DNS:portals.wanderingwifi.com, DNS:www.portals.wanderingwifi.com
      at Object.checkServerIdentity (tls.js:225:17)
      at TLSSocket.onConnectSecure (_tls_wrap.js:1056:27)
      at TLSSocket.emit (events.js:180:13)
      at TLSSocket._finishInit (_tls_wrap.js:633:8)

npm manifest: 
  {
    "name": "todo2",
    "version": "0.1.0",
    "private": true
  }

yarn manifest: 
  No manifest

Lockfile: 
  No lockfile
